<?xml version="1.0" encoding="UTF-8"?>
<testsuite xmlns:xsi="http://www.w3.org/2001/XMLSchema-instance" xsi:noNamespaceSchemaLocation="https://maven.apache.org/surefire/maven-surefire-plugin/xsd/surefire-test-report.xsd" name="runner.TestRunner" time="4.48" tests="1" errors="1" skipped="0" failures="0">
  <properties>
[...]
</properties>
  <testcase name="Register as an Affiliate user with Cheque Payment Method" classname="Rtail page" time="0.386">
    <error message="Cannot invoke &quot;org.openqa.selenium.SearchContext.findElement(org.openqa.selenium.By)&quot; because &quot;this.searchContext&quot; is null" type="java.lang.NullPointerException">java.lang.NullPointerException: Cannot invoke "org.openqa.selenium.SearchContext.findElement(org.openqa.selenium.By)" because "this.searchContext" is null
</error>
    <system-out><![CDATA[
@Retail @Registerrra
Scenario: Register as an Affiliate user with Cheque Payment Method                   # feature/RetailPage.feature:12
  Given User is on Retail website                                                    # step.definition.RetailStepDefinition.User_is_on_Retail_website()
      java.lang.NullPointerException: Cannot invoke "org.openqa.selenium.SearchContext.findElement(org.openqa.selenium.By)" because "this.searchContext" is null
	at org.openqa.selenium.support.pagefactory.DefaultElementLocator.findElement(DefaultElementLocator.java:69)
	at org.openqa.selenium.support.pagefactory.internal.LocatingElementHandler.invoke(LocatingElementHandler.java:38)
	at jdk.proxy2/jdk.proxy2.$Proxy19.isDisplayed(Unknown Source)
	at page.objects.RetailPageObject.isTestEnvironmentTitlePresent(RetailPageObject.java:154)
	at step.definition.RetailStepDefinition.User_is_on_Retail_website(RetailStepDefinition.java:25)
	at âœ½.User is on Retail website(classpath:feature/RetailPage.feature:4)

  And User click on MyAccount                                                        # step.definition.RetailStepDefinition.User_click_on_MyAccount()
  When User click on Login                                                           # step.definition.RetailStepDefinition.User_click_on_Login()
  And User enter username 'muhammad.khusravi@tekschool.us' and password '1234567890' # step.definition.RetailStepDefinition.User_enter_username_and_password(java.lang.String,java.lang.String)
  And User click on Login button                                                     # step.definition.RetailStepDefinition.User_click_on_Login_button()
  Then User should be logged in to MyAccount dashboard                               # step.definition.RetailStepDefinition.User_should_be_logged_in_to_MyAccount_dashboard()
  When User click on â€˜Register for an Affiliate Accountâ€™ link                        # step.definition.RetailStepDefinition.user_click_on_register_for_an_affiliate_account_link()
  And User fill affiliate form with below information                                # step.definition.RetailStepDefinition.user_fill_affiliate_form_with_below_information(io.cucumber.datatable.DataTable)
  And User check on About us check box                                               # step.definition.RetailStepDefinition.user_check_on_about_us_check_box()
  And User click on Continue button                                                  # step.definition.RetailStepDefinition.User_click_on_continue_button()
  Then User should see a success message                                             # step.definition.RetailStepDefinition.user_should_see_a_success_message()
]]></system-out>
  </testcase>
</testsuite>